{
  "stats": {
    "suites": 3,
    "tests": 2,
    "passes": 2,
    "pending": 0,
    "failures": 0,
    "start": "2017-07-16T08:01:40.319Z",
    "end": "2017-07-16T08:01:43.974Z",
    "duration": 3655,
    "testsRegistered": 2,
    "passPercent": 100,
    "pendingPercent": 0,
    "other": 0,
    "hasOther": false,
    "skipped": 0,
    "hasSkipped": false,
    "passPercentClass": "success",
    "pendingPercentClass": "danger"
  },
  "suites": {
    "title": "",
    "suites": [
      {
        "title": "hooks",
        "suites": [
          {
            "title": "#elemenet control",
            "suites": [
              {
                "title": "#elemenet control",
                "suites": [],
                "tests": [
                  {
                    "title": "shanchu",
                    "fullTitle": "#elemenet control #elemenet control shanchu",
                    "timedOut": false,
                    "duration": 88,
                    "state": "passed",
                    "speed": "slow",
                    "pass": true,
                    "fail": false,
                    "pending": false,
                    "code": "driver.findElement(By.css('.clear-all')).click();\n       driver.switchTo().alert().accept().then(()=>{\n           return new Promise(function(resovle,reject){\n               resovle();\n           }).then(done);\n       });",
                    "err": {},
                    "isRoot": false,
                    "uuid": "9f5412ae-8cfb-48ee-b234-3d0272bcb712",
                    "parentUUID": "79eed41f-b72d-40c2-af50-c35151af0f2c",
                    "isHook": false,
                    "skipped": false
                  }
                ],
                "pending": [],
                "root": false,
                "_timeout": 30000,
                "file": "\\testforeach.js",
                "uuid": "79eed41f-b72d-40c2-af50-c35151af0f2c",
                "beforeHooks": [],
                "afterHooks": [],
                "fullFile": "D:\\autotest\\autotest5\\testforeach.js",
                "passes": [
                  {
                    "title": "shanchu",
                    "fullTitle": "#elemenet control #elemenet control shanchu",
                    "timedOut": false,
                    "duration": 88,
                    "state": "passed",
                    "speed": "slow",
                    "pass": true,
                    "fail": false,
                    "pending": false,
                    "code": "driver.findElement(By.css('.clear-all')).click();\n       driver.switchTo().alert().accept().then(()=>{\n           return new Promise(function(resovle,reject){\n               resovle();\n           }).then(done);\n       });",
                    "err": {},
                    "isRoot": false,
                    "uuid": "9f5412ae-8cfb-48ee-b234-3d0272bcb712",
                    "parentUUID": "79eed41f-b72d-40c2-af50-c35151af0f2c",
                    "isHook": false,
                    "skipped": false
                  }
                ],
                "failures": [],
                "skipped": [],
                "hasBeforeHooks": false,
                "hasAfterHooks": false,
                "hasTests": true,
                "hasSuites": false,
                "totalTests": 1,
                "totalPasses": 1,
                "totalFailures": 0,
                "totalPending": 0,
                "totalSkipped": 0,
                "hasPasses": true,
                "hasFailures": false,
                "hasPending": false,
                "hasSkipped": false,
                "duration": 88,
                "rootEmpty": false
              }
            ],
            "tests": [
              {
                "title": "add 4 element 长度应该为4",
                "fullTitle": "hooks #elemenet control add 4 element 长度应该为4",
                "timedOut": false,
                "duration": 3249,
                "state": "passed",
                "speed": "slow",
                "pass": true,
                "fail": false,
                "pending": false,
                "code": "arr.forEach((item)=>{\n           driver.findElement(By.id('text')).sendKeys(item);\n           driver.findElement(By.id('text')).submit(); \n       })\n       driver.executeScript('document.querySelector(\".clear-all\").scrollIntoView()');\n       driver.findElements(By.className('new-item')).then(eles=>{\n           return new Promise(function(resovle,reject){\n               assert(4,eles.length);\n               resovle();\n           }).then(done);\n       });",
                "err": {},
                "isRoot": false,
                "uuid": "ce917ca0-b313-48f2-8804-7c9872834b21",
                "parentUUID": "90d5fd40-587b-4766-a6ed-84942fd881db",
                "isHook": false,
                "skipped": false
              }
            ],
            "pending": [],
            "root": false,
            "_timeout": 30000,
            "file": "\\testforeach.js",
            "uuid": "90d5fd40-587b-4766-a6ed-84942fd881db",
            "beforeHooks": [],
            "afterHooks": [],
            "fullFile": "D:\\autotest\\autotest5\\testforeach.js",
            "passes": [
              {
                "title": "add 4 element 长度应该为4",
                "fullTitle": "hooks #elemenet control add 4 element 长度应该为4",
                "timedOut": false,
                "duration": 3249,
                "state": "passed",
                "speed": "slow",
                "pass": true,
                "fail": false,
                "pending": false,
                "code": "arr.forEach((item)=>{\n           driver.findElement(By.id('text')).sendKeys(item);\n           driver.findElement(By.id('text')).submit(); \n       })\n       driver.executeScript('document.querySelector(\".clear-all\").scrollIntoView()');\n       driver.findElements(By.className('new-item')).then(eles=>{\n           return new Promise(function(resovle,reject){\n               assert(4,eles.length);\n               resovle();\n           }).then(done);\n       });",
                "err": {},
                "isRoot": false,
                "uuid": "ce917ca0-b313-48f2-8804-7c9872834b21",
                "parentUUID": "90d5fd40-587b-4766-a6ed-84942fd881db",
                "isHook": false,
                "skipped": false
              }
            ],
            "failures": [],
            "skipped": [],
            "hasBeforeHooks": false,
            "hasAfterHooks": false,
            "hasTests": true,
            "hasSuites": true,
            "totalTests": 1,
            "totalPasses": 1,
            "totalFailures": 0,
            "totalPending": 0,
            "totalSkipped": 0,
            "hasPasses": true,
            "hasFailures": false,
            "hasPending": false,
            "hasSkipped": false,
            "duration": 3249,
            "rootEmpty": false
          }
        ],
        "tests": [],
        "pending": [],
        "root": false,
        "_timeout": 2000,
        "file": "\\testforeach.js",
        "uuid": "425827f2-dac1-4857-b2a3-4ef347cb8658",
        "beforeHooks": [
          {
            "title": "\"before all\" hook",
            "fullTitle": "hooks \"before all\" hook",
            "timedOut": false,
            "duration": 1,
            "pass": false,
            "fail": false,
            "pending": false,
            "code": "console.log('before...........')\n    driver.get('https://autowebtest.github.io/add-remove/');",
            "err": {},
            "isRoot": false,
            "uuid": "69126091-36e8-44ef-83ae-93ae0d717cda",
            "parentUUID": "425827f2-dac1-4857-b2a3-4ef347cb8658",
            "isHook": true,
            "skipped": false
          },
          {
            "title": "\"before each\" hook",
            "fullTitle": "hooks \"before each\" hook",
            "timedOut": false,
            "duration": 0,
            "pass": false,
            "fail": false,
            "pending": false,
            "code": "console.log('beforeEach........')\n    // runs before each test in this block",
            "err": {},
            "isRoot": false,
            "uuid": "bd43da94-51be-4a97-a855-9cafcc1ef163",
            "parentUUID": "425827f2-dac1-4857-b2a3-4ef347cb8658",
            "isHook": true,
            "skipped": false
          }
        ],
        "afterHooks": [
          {
            "title": "\"after all\" hook",
            "fullTitle": "hooks \"after all\" hook",
            "timedOut": false,
            "duration": 55,
            "pass": false,
            "fail": false,
            "pending": false,
            "code": "console.log(\"after..........\");\n     driver.quit().then(function(){\n  return new Promise((resovle,reject)=>{\n      resovle();\n  }).then(done);\n    })",
            "err": {},
            "isRoot": false,
            "uuid": "83adbc88-1746-48d1-86ae-0726e312c27e",
            "parentUUID": "425827f2-dac1-4857-b2a3-4ef347cb8658",
            "isHook": true,
            "skipped": false
          },
          {
            "title": "\"after each\" hook",
            "fullTitle": "hooks \"after each\" hook",
            "timedOut": false,
            "duration": 115,
            "pass": false,
            "fail": false,
            "pending": false,
            "code": "console.log(\"afterEach........\")\n    driver.takeScreenshot().then((imagedata)=>{\n  var date = new Date();\n  let year = date.getFullYear();\n  let month = date.getMonth()+1;\n  let day = date.getDate();\n  let hour = date.getHours();\n  let min = date.getMinutes();\n  let sec = date.getSeconds();\n  let filename = year+\"_\"+month+\"_\"+day+\"_\"+hour+\"_\"+min+\"_\"+sec+\".png\"\n  require('fs').writeFileSync(filename,imagedata,'base64');\n  return new Promise((resovle,reject)=>{\n      resovle();\n  }).then(done);\n    })",
            "err": {},
            "isRoot": false,
            "uuid": "3b189516-d480-404b-9f94-3a139453e84c",
            "parentUUID": "425827f2-dac1-4857-b2a3-4ef347cb8658",
            "isHook": true,
            "skipped": false
          }
        ],
        "fullFile": "D:\\autotest\\autotest5\\testforeach.js",
        "passes": [],
        "failures": [],
        "skipped": [],
        "hasBeforeHooks": true,
        "hasAfterHooks": true,
        "hasTests": false,
        "hasSuites": true,
        "totalTests": 0,
        "totalPasses": 0,
        "totalFailures": 0,
        "totalPending": 0,
        "totalSkipped": 0,
        "hasPasses": false,
        "hasFailures": false,
        "hasPending": false,
        "hasSkipped": false,
        "duration": 0,
        "rootEmpty": false
      }
    ],
    "tests": [],
    "pending": [],
    "root": true,
    "_timeout": 2000,
    "uuid": "bc12aca3-71a9-4f2f-af2f-bbb286ed380d",
    "beforeHooks": [],
    "afterHooks": [],
    "fullFile": "",
    "file": "",
    "passes": [],
    "failures": [],
    "skipped": [],
    "hasBeforeHooks": false,
    "hasAfterHooks": false,
    "hasTests": false,
    "hasSuites": true,
    "totalTests": 0,
    "totalPasses": 0,
    "totalFailures": 0,
    "totalPending": 0,
    "totalSkipped": 0,
    "hasPasses": false,
    "hasFailures": false,
    "hasPending": false,
    "hasSkipped": false,
    "duration": 0,
    "rootEmpty": true
  },
  "allTests": [
    {
      "title": "add 4 element 长度应该为4",
      "fullTitle": "#elemenet control add 4 element 长度应该为4",
      "timedOut": false,
      "duration": 3249,
      "state": "passed",
      "speed": "slow",
      "pass": true,
      "fail": false,
      "pending": false,
      "code": "arr.forEach((item)=>{\n           driver.findElement(By.id('text')).sendKeys(item);\n           driver.findElement(By.id('text')).submit(); \n       })\n       driver.executeScript('document.querySelector(\".clear-all\").scrollIntoView()');\n       driver.findElements(By.className('new-item')).then(eles=>{\n           return new Promise(function(resovle,reject){\n               assert(4,eles.length);\n               resovle();\n           }).then(done);\n       });",
      "err": {},
      "isRoot": false,
      "uuid": "ce917ca0-b313-48f2-8804-7c9872834b21",
      "parentUUID": "90d5fd40-587b-4766-a6ed-84942fd881db",
      "isHook": false,
      "skipped": false
    },
    {
      "title": "shanchu",
      "fullTitle": "#elemenet control shanchu",
      "timedOut": false,
      "duration": 88,
      "state": "passed",
      "speed": "slow",
      "pass": true,
      "fail": false,
      "pending": false,
      "code": "driver.findElement(By.css('.clear-all')).click();\n       driver.switchTo().alert().accept().then(()=>{\n           return new Promise(function(resovle,reject){\n               resovle();\n           }).then(done);\n       });",
      "err": {},
      "isRoot": false,
      "uuid": "9f5412ae-8cfb-48ee-b234-3d0272bcb712",
      "parentUUID": "79eed41f-b72d-40c2-af50-c35151af0f2c",
      "isHook": false,
      "skipped": false
    }
  ],
  "allPending": [],
  "allPasses": [
    {
      "title": "add 4 element 长度应该为4",
      "fullTitle": "#elemenet control add 4 element 长度应该为4",
      "timedOut": false,
      "duration": 3249,
      "state": "passed",
      "speed": "slow",
      "pass": true,
      "fail": false,
      "pending": false,
      "code": "arr.forEach((item)=>{\n           driver.findElement(By.id('text')).sendKeys(item);\n           driver.findElement(By.id('text')).submit(); \n       })\n       driver.executeScript('document.querySelector(\".clear-all\").scrollIntoView()');\n       driver.findElements(By.className('new-item')).then(eles=>{\n           return new Promise(function(resovle,reject){\n               assert(4,eles.length);\n               resovle();\n           }).then(done);\n       });",
      "err": {},
      "isRoot": false,
      "uuid": "ce917ca0-b313-48f2-8804-7c9872834b21",
      "parentUUID": "90d5fd40-587b-4766-a6ed-84942fd881db",
      "isHook": false,
      "skipped": false
    },
    {
      "title": "shanchu",
      "fullTitle": "#elemenet control shanchu",
      "timedOut": false,
      "duration": 88,
      "state": "passed",
      "speed": "slow",
      "pass": true,
      "fail": false,
      "pending": false,
      "code": "driver.findElement(By.css('.clear-all')).click();\n       driver.switchTo().alert().accept().then(()=>{\n           return new Promise(function(resovle,reject){\n               resovle();\n           }).then(done);\n       });",
      "err": {},
      "isRoot": false,
      "uuid": "9f5412ae-8cfb-48ee-b234-3d0272bcb712",
      "parentUUID": "79eed41f-b72d-40c2-af50-c35151af0f2c",
      "isHook": false,
      "skipped": false
    }
  ],
  "allFailures": [],
  "copyrightYear": 2017
}